2025-06-15 01:41:08,419 - INFO - app - Token created successfully for sub: 9
2025-06-15 01:41:08,419 - INFO - app - Signin successful for user: vinita1786maheshwari@gmail.com (ID: 9)
2025-06-18 17:29:47,936 - INFO - app - Token created successfully for sub: 9
2025-06-18 17:29:47,937 - INFO - app - Signin successful for user: vinita1786maheshwari@gmail.com (ID: 9)
2025-06-18 17:35:52,325 - INFO - app - Token created successfully for sub: 17
2025-06-18 17:35:52,328 - INFO - app - Signin successful for user: hitanshi@gmail.com (ID: 17)
2025-06-18 17:37:01,956 - INFO - app - Token decoded successfully for sub: 17
2025-06-18 17:37:02,001 - INFO - app - Add to cart request by user 17 for product 15
2025-06-18 17:37:02,072 - INFO - app - Added new item to cart for user 17
2025-06-18 17:38:48,355 - INFO - app - Token created successfully for sub: 17
2025-06-18 17:38:48,356 - INFO - app - Signin successful for user: hitanshi@gmail.com (ID: 17)
2025-06-18 17:39:12,582 - INFO - app - Token decoded successfully for sub: 17
2025-06-18 17:39:12,583 - INFO - app - Fetching cart items for user 17
2025-06-18 17:39:36,610 - INFO - app - Decoding token
2025-06-18 17:39:36,611 - INFO - app - Token decoded successfully for sub: 17
2025-06-18 17:39:36,615 - INFO - app - Authenticated user: hitanshi@gmail.com (ID: 17)
2025-06-18 17:39:36,617 - INFO - app - Checkout initiated by user ID 17
2025-06-18 17:39:36,761 - INFO - app - Order created with ID 11 for user ID 17
2025-06-18 17:39:36,769 - INFO - app - Updated stock for product ID 15: 48
2025-06-18 17:39:47,973 - INFO - app - Decoding token
2025-06-18 17:39:47,974 - INFO - app - Token decoded successfully for sub: 17
2025-06-18 17:39:47,976 - INFO - app - Authenticated user: hitanshi@gmail.com (ID: 17)
2025-06-18 17:39:47,977 - INFO - app - User 17 is retrieving order history.
2025-06-18 17:43:35,957 - INFO - app - Token created successfully for sub: 17
2025-06-18 17:43:35,957 - INFO - app - Signin successful for user: hitanshi@gmail.com (ID: 17)
2025-06-18 17:44:10,443 - INFO - app - Token decoded successfully for sub: 17
2025-06-18 17:44:10,445 - INFO - app - Add to cart request by user 17 for product 13
2025-06-18 17:44:10,465 - INFO - app - Added new item to cart for user 17
2025-06-18 17:44:25,764 - INFO - app - Decoding token
2025-06-18 17:44:25,765 - INFO - app - Token decoded successfully for sub: 17
2025-06-18 17:44:25,769 - INFO - app - Authenticated user: hitanshi@gmail.com (ID: 17)
2025-06-18 17:44:25,771 - INFO - app - Checkout initiated by user ID 17
2025-06-18 17:44:25,816 - INFO - app - Order created with ID 12 for user ID 17
2025-06-18 17:44:25,823 - INFO - app - Updated stock for product ID 13: 298
2025-06-18 19:01:55,030 - INFO - app - Token created successfully for sub: 5
2025-06-18 19:01:55,032 - INFO - app - Signin successful for user: rishitamaheshwari21@gmail.com (ID: 5)
2025-06-18 19:02:32,206 - INFO - app - Token decoded successfully for sub: 5
2025-06-18 19:02:32,212 - INFO - app - Add to cart request by user 5 for product 14
2025-06-18 19:02:32,254 - INFO - app - Added new item to cart for user 5
2025-06-18 19:02:46,931 - INFO - app - Decoding token
2025-06-18 19:02:46,932 - INFO - app - Token decoded successfully for sub: 5
2025-06-18 19:02:46,939 - INFO - app - Authenticated user: rishitamaheshwari21@gmail.com (ID: 5)
2025-06-18 19:02:46,943 - INFO - app - Checkout initiated by user ID 5
2025-06-18 19:02:46,959 - INFO - app - Total price for checkout: INR 1100.0
2025-06-18 19:02:46,991 - INFO - app - Order created with ID 13 for user ID 5
2025-06-18 19:02:47,000 - INFO - app - Updated stock for product ID 14: 290
